<?xml version="1.0" encoding="UTF-8"?>
<!-- Generated by org.testng.reporters.JUnitReportReporter -->
<testsuite skipped="0" hostname="DESKTOP-5585BVI" name="test.NewDepositTest" tests="1" failures="0" timestamp="2020-07-18T15:59:04 EDT" time="12.824" errors="0">
  <testcase name="userShouldBeAbleToAddDeposit" time="12.824" classname="test.NewDepositTest"/>
  <system-out/>
</testsuite> <!-- test.NewDepositTest -->
